  Jogo.c
C:\Users\andre\Desktop\PI-2\Jogo\Jogo.c(144,29): warning C4013: 'al_init_image_addon' indefinido; assumindo extern retornando int
C:\Users\andre\Desktop\PI-2\Jogo\Jogo.c(369,16): warning C4013: 'victory' indefinido; assumindo extern retornando int
C:\Users\andre\Desktop\PI-2\Jogo\Jogo.c(374,13): warning C4013: 'jogo' indefinido; assumindo extern retornando int
C:\Users\andre\Desktop\PI-2\Jogo\Jogo.c(511,28): warning C4098: 'acertou': função 'void' retornando um valor
C:\Users\andre\Desktop\PI-2\Jogo\Jogo.c(515,33): warning C4133: 'função': tipos incompatíveis - de 'ALLEGRO_BITMAP *' para 'ALLEGRO_FONT *'
C:\Users\andre\Desktop\PI-2\Jogo\Jogo.c(546,52): warning C4133: '=': tipos incompatíveis - de 'ALLEGRO_FONT *' para 'ALLEGRO_BITMAP *'
C:\Users\andre\Desktop\PI-2\Jogo\Jogo.c(688,36): warning C4013: 'menuBatalha' indefinido; assumindo extern retornando int
C:\Users\andre\Desktop\PI-2\Jogo\Jogo.c(694,33): warning C4013: 'gameOver' indefinido; assumindo extern retornando int
C:\Users\andre\Desktop\PI-2\Jogo\Jogo.c(949,39): warning C4133: 'função': tipos incompatíveis - de 'ALLEGRO_BITMAP *' para 'const ALLEGRO_FONT *'
C:\Users\andre\Desktop\PI-2\Jogo\Jogo.c(952,39): warning C4133: 'função': tipos incompatíveis - de 'ALLEGRO_BITMAP *' para 'const ALLEGRO_FONT *'
C:\Users\andre\Desktop\PI-2\Jogo\Jogo.c(955,39): warning C4133: 'função': tipos incompatíveis - de 'ALLEGRO_BITMAP *' para 'const ALLEGRO_FONT *'
C:\Users\andre\Desktop\PI-2\Jogo\Jogo.c(958,39): warning C4133: 'função': tipos incompatíveis - de 'ALLEGRO_BITMAP *' para 'const ALLEGRO_FONT *'
C:\Users\andre\Desktop\PI-2\Jogo\Jogo.c(961,39): warning C4133: 'função': tipos incompatíveis - de 'ALLEGRO_BITMAP *' para 'const ALLEGRO_FONT *'
C:\Users\andre\Desktop\PI-2\Jogo\Jogo.c(1096,25): warning C4013: 'menu' indefinido; assumindo extern retornando int
C:\Users\andre\Desktop\PI-2\Jogo\Jogo.c(1729,53): warning C4047: '=': 'int' difere em níveis de indireção de 'caixa *'
C:\Users\andre\Desktop\PI-2\Jogo\Jogo.c(1730,58): warning C4047: '==': 'int' difere em níveis de indireção de 'caixa *'
C:\Users\andre\Desktop\PI-2\Jogo\Jogo.c(1778,53): warning C4047: '=': 'int' difere em níveis de indireção de 'caixa *'
C:\Users\andre\Desktop\PI-2\Jogo\Jogo.c(1779,58): warning C4047: '==': 'int' difere em níveis de indireção de 'caixa *'
C:\Users\andre\Desktop\PI-2\Jogo\Jogo.c(2088,32): warning C4133: 'função': tipos incompatíveis - de 'ALLEGRO_BITMAP *' para 'ALLEGRO_FONT *'
C:\Users\andre\Desktop\PI-2\Jogo\Jogo.c(2117,51): warning C4133: '=': tipos incompatíveis - de 'ALLEGRO_FONT *' para 'ALLEGRO_BITMAP *'
C:\Users\andre\Desktop\PI-2\Jogo\Jogo.c(2219,51): warning C4133: '=': tipos incompatíveis - de 'ALLEGRO_FONT *' para 'ALLEGRO_BITMAP *'
C:\Users\andre\Desktop\PI-2\Jogo\Jogo.c(505): warning C4715: 'resultadoCalculo': nem todos os caminhos de controle retornam um valor
C:\Users\andre\Desktop\PI-2\Jogo\Jogo.c(486): warning C4715: 'resultadoCalculoDois': nem todos os caminhos de controle retornam um valor
C:\Users\andre\Desktop\PI-2\Jogo\Jogo.c(465): warning C4715: 'sorteioNumeros': nem todos os caminhos de controle retornam um valor
C:\Users\andre\Desktop\PI-2\Jogo\Jogo.c(527): warning C4716: 'destroyCalculadora': deve retornar um valor
C:\Users\andre\Desktop\PI-2\Jogo\Jogo.c(1002): warning C4716: 'destroyGameOver': deve retornar um valor
C:\Users\andre\Desktop\PI-2\Jogo\Jogo.c(1119): warning C4716: 'destroyVictory': deve retornar um valor
C:\Users\andre\Desktop\PI-2\Jogo\Jogo.c(1243): warning C4716: 'destroyItens': deve retornar um valor
C:\Users\andre\Desktop\PI-2\Jogo\Jogo.c(1374): warning C4716: 'destroyMenuBatalha': deve retornar um valor
C:\Users\andre\Desktop\PI-2\Jogo\Jogo.c(1622): warning C4716: 'destroyJogo': deve retornar um valor
C:\Users\andre\Desktop\PI-2\Jogo\Jogo.c(2091): warning C4716: 'destroyTutoDes': deve retornar um valor
C:\Users\andre\Desktop\PI-2\Jogo\Jogo.c(2084): warning C4715: 'jogo': nem todos os caminhos de controle retornam um valor
C:\Users\andre\Desktop\PI-2\Jogo\Jogo.c(2298): warning C4716: 'destroyMenu': deve retornar um valor
  Jogo.vcxproj -> C:\Users\andre\Desktop\PI-2\Debug\Jogo.exe
